-- The C compiler identification is GNU 11.4.0
-- The CXX compiler identification is GNU 11.4.0
-- Detecting C compiler ABI info
-- Detecting C compiler ABI info - done
-- Check for working C compiler: /usr/bin/cc - skipped
-- Detecting C compile features
-- Detecting C compile features - done
-- Detecting CXX compiler ABI info
-- Detecting CXX compiler ABI info - done
-- Check for working CXX compiler: /usr/bin/c++ - skipped
-- Detecting CXX compile features
-- Detecting CXX compile features - done
-- Found ament_cmake: 1.3.14 (/opt/ros/humble/share/ament_cmake/cmake)
-- Found Python3: /usr/bin/python3 (found version "3.10.12") found components: Interpreter 
-- Found rclcpp: 16.0.19 (/opt/ros/humble/share/rclcpp/cmake)
-- Found rosidl_generator_c: 3.1.9 (/opt/ros/humble/share/rosidl_generator_c/cmake)
-- Found rosidl_adapter: 3.1.9 (/opt/ros/humble/share/rosidl_adapter/cmake)
-- Found rosidl_generator_cpp: 3.1.9 (/opt/ros/humble/share/rosidl_generator_cpp/cmake)
-- Using all available rosidl_typesupport_c: rosidl_typesupport_fastrtps_c;rosidl_typesupport_introspection_c
-- Using all available rosidl_typesupport_cpp: rosidl_typesupport_fastrtps_cpp;rosidl_typesupport_introspection_cpp
-- Found rmw_implementation_cmake: 6.1.2 (/opt/ros/humble/share/rmw_implementation_cmake/cmake)
-- Found rmw_fastrtps_cpp: 6.2.10 (/opt/ros/humble/share/rmw_fastrtps_cpp/cmake)
-- Found OpenSSL: /usr/lib/x86_64-linux-gnu/libcrypto.so (found version "3.0.2")  
-- Found FastRTPS: /opt/ros/humble/include  
-- Using RMW implementation 'rmw_fastrtps_cpp' as default
-- Found rclcpp_components: 16.0.19 (/opt/ros/humble/share/rclcpp_components/cmake)
-- Found rclcpp_lifecycle: 16.0.19 (/opt/ros/humble/share/rclcpp_lifecycle/cmake)
-- Found sensor_msgs: 4.9.1 (/opt/ros/humble/share/sensor_msgs/cmake)
-- Found ouster_sensor_msgs: 0.14.2 (/opt/ros/humble/share/ouster_sensor_msgs/cmake)
-- Found std_srvs: 4.9.1 (/opt/ros/humble/share/std_srvs/cmake)
-- Found rosidl_default_generators: 1.2.1 (/opt/ros/humble/share/rosidl_default_generators/cmake)
-- Found Eigen3: /usr/share/eigen3/cmake/Eigen3Config.cmake (found version "3.4.0") 
-- Checking for module 'eigen3'
--   Found eigen3, version 3.4.0
-- Found Eigen: /usr/include/eigen3 (Required is at least version "3.1") 
-- Eigen found (include: /usr/include/eigen3, version: 3.4.0)
-- Found Boost: /usr/lib/x86_64-linux-gnu/cmake/Boost-1.74.0/BoostConfig.cmake (found suitable version "1.74.0", minimum required is "1.65.0") found components: system filesystem date_time iostreams serialization 
-- looking for PCL_COMMON
-- Found PCL_COMMON: /usr/lib/x86_64-linux-gnu/libpcl_common.so  
-- Found PCL: pcl_common;Boost::system;Boost::filesystem;Boost::date_time;Boost::iostreams;Boost::serialization  
-- Found pcl_conversions: 2.4.5 (/opt/ros/humble/share/pcl_conversions/cmake)
-- Found tf2_eigen: 0.25.20 (/opt/ros/humble/share/tf2_eigen/cmake)
-- Found OpenCV: /usr (found version "4.5.4") 
-- Using OusterSDK version from VERSION file: 0.16.2
-- Looking for pthread.h
-- Looking for pthread.h - found
-- Performing Test CMAKE_HAVE_LIBC_PTHREAD
-- Performing Test CMAKE_HAVE_LIBC_PTHREAD - Success
-- Found Threads: TRUE  
-- Found libzip: /usr/include (found version "1.7.3") 
-- Found CURL: /usr/include/x86_64-linux-gnu (found version "7.81.0") 
-- Found ament_cmake_gtest: 1.3.14 (/opt/ros/humble/share/ament_cmake_gtest/cmake)
-- Found gtest sources under '/opt/ros/humble/src/gtest_vendor': C++ tests using 'Google Test' will be built
-- Configuring done
-- Generating done
-- Build files have been written to: /home/risksis/Documents/intern/ROS_noetic/ouster_humble_ws/build/ouster_ros
[  1%] [32mBuilding CXX object ouster-sdk/ouster_client/nmea/CMakeFiles/nmea.dir/src/gga.cpp.o[0m
[  2%] [32mBuilding CXX object CMakeFiles/os_replay.dir/rclcpp_components/node_main_os_replay.cpp.o[0m
[34m[1mGenerating build info header[0m
[  3%] [32mBuilding CXX object CMakeFiles/os_sensor.dir/rclcpp_components/node_main_os_sensor.cpp.o[0m
[  3%] Built target ouster_generate_header
[  4%] [32mBuilding CXX object ouster-sdk/ouster_client/nmea/CMakeFiles/nmea.dir/src/gll.cpp.o[0m
[  5%] [32mBuilding CXX object ouster-sdk/ouster_client/nmea/CMakeFiles/nmea.dir/src/gsa.cpp.o[0m
[  6%] [32mBuilding CXX object ouster-sdk/ouster_client/nmea/CMakeFiles/nmea.dir/src/gsv.cpp.o[0m
[  7%] [32mBuilding CXX object ouster-sdk/ouster_client/nmea/CMakeFiles/nmea.dir/src/parse.cpp.o[0m
[  8%] [32mBuilding CXX object ouster-sdk/ouster_client/nmea/CMakeFiles/nmea.dir/src/rmc.cpp.o[0m
[  9%] [32mBuilding CXX object CMakeFiles/os_cloud.dir/rclcpp_components/node_main_os_cloud.cpp.o[0m
[ 10%] [32mBuilding CXX object ouster-sdk/ouster_client/nmea/CMakeFiles/nmea.dir/src/sentence.cpp.o[0m
[ 11%] [32mBuilding CXX object ouster-sdk/ouster_client/nmea/CMakeFiles/nmea.dir/src/vtg.cpp.o[0m
[ 12%] [32mBuilding CXX object ouster-sdk/ouster_client/nmea/CMakeFiles/nmea.dir/src/zda.cpp.o[0m
[ 13%] [32m[1mLinking CXX static library libnmea.a[0m
[ 13%] Built target nmea
[ 14%] [32mBuilding CXX object CMakeFiles/os_image.dir/rclcpp_components/node_main_os_image.cpp.o[0m
[ 15%] [32m[1mLinking CXX executable os_sensor[0m
[ 15%] Built target os_sensor
[ 16%] [32mBuilding CXX object CMakeFiles/os_driver.dir/rclcpp_components/node_main_os_driver.cpp.o[0m
[ 17%] [32m[1mLinking CXX executable os_replay[0m
[ 17%] Built target os_replay
[ 18%] [32mBuilding CXX object gtest/CMakeFiles/gtest_main.dir/src/gtest_main.cc.o[0m
[ 19%] [32m[1mLinking CXX executable os_cloud[0m
[ 19%] Built target os_cloud
[ 19%] [32mBuilding CXX object gtest/CMakeFiles/gtest.dir/src/gtest-all.cc.o[0m
[ 20%] [32m[1mLinking CXX executable os_image[0m
[ 20%] Built target os_image
[ 21%] [32mBuilding CXX object ouster-sdk/ouster_client/CMakeFiles/ouster_client.dir/src/types.cpp.o[0m
[ 22%] [32m[1mLinking CXX static library libgtest_main.a[0m
[ 22%] Built target gtest_main
[ 23%] [32mBuilding CXX object ouster-sdk/ouster_client/CMakeFiles/ouster_client.dir/src/sensor_info.cpp.o[0m
[ 24%] [32m[1mLinking CXX executable os_driver[0m
[ 24%] Built target os_driver
[ 25%] [32mBuilding CXX object ouster-sdk/ouster_client/CMakeFiles/ouster_client.dir/src/lidar_scan.cpp.o[0m
[ 26%] [32m[1mLinking CXX static library libgtest.a[0m
[ 26%] Built target gtest
[ 27%] [32mBuilding CXX object ouster-sdk/ouster_client/CMakeFiles/ouster_client.dir/src/packet_source.cpp.o[0m
[ 28%] [32mBuilding CXX object ouster-sdk/ouster_client/CMakeFiles/ouster_client.dir/src/compat_ops.cpp.o[0m
[ 29%] [32mBuilding CXX object ouster-sdk/ouster_client/CMakeFiles/ouster_client.dir/src/logging.cpp.o[0m
[ 30%] [32mBuilding CXX object ouster-sdk/ouster_client/CMakeFiles/ouster_client.dir/src/field.cpp.o[0m
[ 31%] [32mBuilding CXX object ouster-sdk/ouster_client/CMakeFiles/ouster_client.dir/src/parsing.cpp.o[0m
[ 32%] [32mBuilding CXX object ouster-sdk/ouster_client/CMakeFiles/ouster_client.dir/src/image_processing.cpp.o[0m
[ 33%] [32mBuilding CXX object ouster-sdk/ouster_client/CMakeFiles/ouster_client.dir/src/packet.cpp.o[0m
[ 34%] [32mBuilding CXX object ouster-sdk/ouster_client/CMakeFiles/ouster_client.dir/src/open_source.cpp.o[0m
[ 35%] [32mBuilding CXX object ouster-sdk/ouster_client/CMakeFiles/ouster_client.dir/src/scan_source.cpp.o[0m
[ 36%] [32mBuilding CXX object ouster-sdk/ouster_client/CMakeFiles/ouster_client.dir/src/metadata.cpp.o[0m
[ 37%] [32mBuilding CXX object ouster-sdk/ouster_client/CMakeFiles/ouster_client.dir/src/profile_extension.cpp.o[0m
[ 38%] [32mBuilding CXX object ouster-sdk/ouster_client/CMakeFiles/ouster_client.dir/src/scan_source_utils.cpp.o[0m
[ 39%] [32mBuilding CXX object ouster-sdk/ouster_client/CMakeFiles/ouster_client.dir/src/io_type.cpp.o[0m
[ 40%] [32mBuilding CXX object ouster-sdk/ouster_client/CMakeFiles/ouster_client.dir/src/multi_scan_source.cpp.o[0m
[ 41%] [32mBuilding CXX object ouster-sdk/ouster_client/CMakeFiles/ouster_client.dir/src/transform_homogeneous.cpp.o[0m
[ 42%] [32mBuilding CXX object ouster-sdk/ouster_client/CMakeFiles/ouster_client.dir/src/pose_util.cpp.o[0m
[ 43%] [32mBuilding CXX object ouster-sdk/ouster_client/CMakeFiles/ouster_client.dir/src/pose_conversion.cpp.o[0m
[ 44%] [32mBuilding CXX object ouster-sdk/ouster_client/CMakeFiles/ouster_client.dir/src/cloud_io.cpp.o[0m
[ 45%] [32mBuilding CXX object ouster-sdk/ouster_client/CMakeFiles/ouster_client.dir/src/error_handler.cpp.o[0m
[ 46%] [32mBuilding CXX object ouster-sdk/ouster_client/CMakeFiles/ouster_client.dir/src/transform_vector.cpp.o[0m
[ 47%] [32mBuilding CXX object ouster-sdk/ouster_client/CMakeFiles/ouster_client.dir/src/zone_monitor.cpp.o[0m
[ 48%] [32mBuilding CXX object ouster-sdk/ouster_client/CMakeFiles/ouster_client.dir/src/lidar_scan_set.cpp.o[0m
[ 50%] [32mBuilding CXX object ouster-sdk/ouster_client/CMakeFiles/ouster_client.dir/src/transform_quaternion.cpp.o[0m
[ 51%] [32mBuilding CXX object ouster-sdk/ouster_client/CMakeFiles/ouster_client.dir/src/zip.cpp.o[0m
[ 52%] [32mBuilding CXX object ouster-sdk/ouster_client/CMakeFiles/ouster_client.dir/src/normals.cpp.o[0m
[ 53%] [32mBuilding CXX object ouster-sdk/ouster_client/CMakeFiles/ouster_client.dir/src/chanfield.cpp.o[0m
[ 54%] [32mBuilding CXX object ouster-sdk/ouster_client/CMakeFiles/ouster_client.dir/src/json_tools.cpp.o[0m
[ 55%] [32mBuilding CXX object ouster-sdk/ouster_client/CMakeFiles/ouster_client.dir/src/xyzlut.cpp.o[0m
[ 56%] [32mBuilding CXX object ouster-sdk/ouster_client/CMakeFiles/ouster_client.dir/src/mesh.cpp.o[0m
[ 57%] [32mBuilding CXX object ouster-sdk/ouster_client/CMakeFiles/ouster_client.dir/src/zone.cpp.o[0m
[ 58%] [32mBuilding CXX object ouster-sdk/ouster_client/CMakeFiles/ouster_client.dir/src/zrb.cpp.o[0m
[ 59%] [32mBuilding CXX object ouster-sdk/ouster_client/CMakeFiles/ouster_client.dir/src/zone_header.cpp.o[0m
[ 60%] [32mBuilding CXX object ouster-sdk/ouster_client/CMakeFiles/ouster_client.dir/src/vector_streambuf.cpp.o[0m
[ 61%] [32mBuilding CXX object ouster-sdk/ouster_client/CMakeFiles/ouster_client.dir/src/sha256.cpp.o[0m
[ 62%] [32mBuilding CXX object ouster-sdk/ouster_client/CMakeFiles/ouster_client.dir/src/beam_config.cpp.o[0m
[ 63%] [32mBuilding CXX object ouster-sdk/ouster_client/CMakeFiles/ouster_client.dir/src/typedefs.cpp.o[0m
[ 64%] [32mBuilding CXX object ouster-sdk/ouster_client/CMakeFiles/ouster_client.dir/src/stl.cpp.o[0m
[ 65%] [32mBuilding CXX object ouster-sdk/ouster_client/CMakeFiles/ouster_client.dir/src/triangle.cpp.o[0m
[ 66%] [32m[1mLinking CXX static library libouster_client.a[0m
[ 66%] Built target ouster_client
[ 67%] [32mBuilding CXX object ouster-sdk/ouster_sensor/CMakeFiles/ouster_sensor.dir/src/client.cpp.o[0m
[ 68%] [32mBuilding CXX object ouster-sdk/ouster_sensor/CMakeFiles/ouster_sensor.dir/src/sensor_http.cpp.o[0m
[ 69%] [32mBuilding CXX object ouster-sdk/ouster_sensor/CMakeFiles/ouster_sensor.dir/src/sensor_http_imp.cpp.o[0m
[ 70%] [32mBuilding CXX object ouster-sdk/ouster_sensor/CMakeFiles/ouster_sensor.dir/src/sensor_scan_source.cpp.o[0m
[ 71%] [32mBuilding CXX object ouster-sdk/ouster_sensor/CMakeFiles/ouster_sensor.dir/src/sensor_packet_source.cpp.o[0m
[ 72%] [32mBuilding CXX object ouster-sdk/ouster_sensor/CMakeFiles/ouster_sensor.dir/src/netcompat.cpp.o[0m
[ 73%] [32m[1mLinking CXX static library libouster_sensor.a[0m
[ 73%] Built target ouster_sensor
[ 74%] [32mBuilding CXX object CMakeFiles/ouster_ros_library.dir/src/os_ros.cpp.o[0m
[ 75%] [32mBuilding CXX object CMakeFiles/ouster_ros_library.dir/src/impl/file_util.cpp.o[0m
