-- Found ament_cmake: 1.3.14 (/opt/ros/humble/share/ament_cmake/cmake)
-- Found rclcpp: 16.0.19 (/opt/ros/humble/share/rclcpp/cmake)
-- Found rosidl_generator_c: 3.1.9 (/opt/ros/humble/share/rosidl_generator_c/cmake)
-- Found rosidl_adapter: 3.1.9 (/opt/ros/humble/share/rosidl_adapter/cmake)
-- Found rosidl_generator_cpp: 3.1.9 (/opt/ros/humble/share/rosidl_generator_cpp/cmake)
-- Using all available rosidl_typesupport_c: rosidl_typesupport_fastrtps_c;rosidl_typesupport_introspection_c
-- Using all available rosidl_typesupport_cpp: rosidl_typesupport_fastrtps_cpp;rosidl_typesupport_introspection_cpp
-- Found rmw_implementation_cmake: 6.1.2 (/opt/ros/humble/share/rmw_implementation_cmake/cmake)
-- Found rmw_fastrtps_cpp: 6.2.10 (/opt/ros/humble/share/rmw_fastrtps_cpp/cmake)
-- Using RMW implementation 'rmw_fastrtps_cpp' as default
-- Found rclcpp_components: 16.0.19 (/opt/ros/humble/share/rclcpp_components/cmake)
-- Found rclcpp_lifecycle: 16.0.19 (/opt/ros/humble/share/rclcpp_lifecycle/cmake)
-- Found sensor_msgs: 4.9.1 (/opt/ros/humble/share/sensor_msgs/cmake)
-- Found ouster_sensor_msgs: 0.14.2 (/opt/ros/humble/share/ouster_sensor_msgs/cmake)
-- Found std_srvs: 4.9.1 (/opt/ros/humble/share/std_srvs/cmake)
-- Found rosidl_default_generators: 1.2.1 (/opt/ros/humble/share/rosidl_default_generators/cmake)
-- Eigen found (include: /usr/include/eigen3, version: 3.4.0)
-- looking for PCL_COMMON
-- Found pcl_conversions: 2.4.5 (/opt/ros/humble/share/pcl_conversions/cmake)
-- Found tf2_eigen: 0.25.20 (/opt/ros/humble/share/tf2_eigen/cmake)
-- Using OusterSDK version from VERSION file: 0.16.2
-- Configuring done
-- Generating done
-- Build files have been written to: /home/risksis/Documents/intern/ROS_noetic/ouster_humble_ws/build/ouster_ros
[35m[1mConsolidate compiler generated dependencies of target os_replay[0m
[35m[1mConsolidate compiler generated dependencies of target os_sensor[0m
[35m[1mConsolidate compiler generated dependencies of target nmea[0m
[  2%] Built target os_replay
[35m[1mConsolidate compiler generated dependencies of target os_cloud[0m
[34m[1mGenerating build info header[0m
[  4%] Built target os_sensor
[  6%] Built target os_cloud
[35m[1mConsolidate compiler generated dependencies of target os_image[0m
[ 18%] Built target ouster_generate_header
[ 18%] Built target nmea
[35m[1mConsolidate compiler generated dependencies of target os_driver[0m
[ 20%] Built target os_image
[35m[1mConsolidate compiler generated dependencies of target ouster_client[0m
[ 22%] Built target os_driver
[ 70%] Built target ouster_client
[35m[1mConsolidate compiler generated dependencies of target ouster_sensor[0m
[ 78%] Built target ouster_sensor
[35m[1mConsolidate compiler generated dependencies of target ouster_ros_library[0m
[ 81%] Built target ouster_ros_library
[35m[1mConsolidate compiler generated dependencies of target os_cloud_component[0m
[35m[1mConsolidate compiler generated dependencies of target os_sensor_component[0m
[35m[1mConsolidate compiler generated dependencies of target os_image_component[0m
[35m[1mConsolidate compiler generated dependencies of target os_replay_component[0m
[ 85%] Built target os_cloud_component
[ 90%] Built target os_image_component
[ 92%] Built target os_replay_component
[ 95%] Built target os_sensor_component
[35m[1mConsolidate compiler generated dependencies of target os_driver_component[0m
[ 96%] [32mBuilding CXX object CMakeFiles/os_driver_component.dir/src/os_driver_node.cpp.o[0m
[ 97%] [32m[1mLinking CXX shared library libos_driver_component.so[0m
[100%] Built target os_driver_component
-- Install configuration: "Release"
-- Installing: /home/risksis/Documents/intern/ROS_noetic/ouster_humble_ws/install/ouster_ros/lib/ouster_ros/os_sensor
-- Set runtime path of "/home/risksis/Documents/intern/ROS_noetic/ouster_humble_ws/install/ouster_ros/lib/ouster_ros/os_sensor" to ""
-- Installing: /home/risksis/Documents/intern/ROS_noetic/ouster_humble_ws/install/ouster_ros/lib/ouster_ros/os_replay
-- Set runtime path of "/home/risksis/Documents/intern/ROS_noetic/ouster_humble_ws/install/ouster_ros/lib/ouster_ros/os_replay" to ""
-- Installing: /home/risksis/Documents/intern/ROS_noetic/ouster_humble_ws/install/ouster_ros/lib/ouster_ros/os_cloud
-- Set runtime path of "/home/risksis/Documents/intern/ROS_noetic/ouster_humble_ws/install/ouster_ros/lib/ouster_ros/os_cloud" to ""
-- Installing: /home/risksis/Documents/intern/ROS_noetic/ouster_humble_ws/install/ouster_ros/lib/ouster_ros/os_image
-- Set runtime path of "/home/risksis/Documents/intern/ROS_noetic/ouster_humble_ws/install/ouster_ros/lib/ouster_ros/os_image" to ""
-- Installing: /home/risksis/Documents/intern/ROS_noetic/ouster_humble_ws/install/ouster_ros/lib/ouster_ros/os_driver
-- Set runtime path of "/home/risksis/Documents/intern/ROS_noetic/ouster_humble_ws/install/ouster_ros/lib/ouster_ros/os_driver" to ""
-- Installing: /home/risksis/Documents/intern/ROS_noetic/ouster_humble_ws/install/ouster_ros/lib/libouster_ros_library.so
-- Set runtime path of "/home/risksis/Documents/intern/ROS_noetic/ouster_humble_ws/install/ouster_ros/lib/libouster_ros_library.so" to ""
-- Installing: /home/risksis/Documents/intern/ROS_noetic/ouster_humble_ws/install/ouster_ros/lib/libos_sensor_component.so
-- Set runtime path of "/home/risksis/Documents/intern/ROS_noetic/ouster_humble_ws/install/ouster_ros/lib/libos_sensor_component.so" to ""
-- Installing: /home/risksis/Documents/intern/ROS_noetic/ouster_humble_ws/install/ouster_ros/lib/libos_replay_component.so
-- Set runtime path of "/home/risksis/Documents/intern/ROS_noetic/ouster_humble_ws/install/ouster_ros/lib/libos_replay_component.so" to ""
-- Installing: /home/risksis/Documents/intern/ROS_noetic/ouster_humble_ws/install/ouster_ros/lib/libos_cloud_component.so
-- Set runtime path of "/home/risksis/Documents/intern/ROS_noetic/ouster_humble_ws/install/ouster_ros/lib/libos_cloud_component.so" to ""
-- Installing: /home/risksis/Documents/intern/ROS_noetic/ouster_humble_ws/install/ouster_ros/lib/libos_image_component.so
-- Set runtime path of "/home/risksis/Documents/intern/ROS_noetic/ouster_humble_ws/install/ouster_ros/lib/libos_image_component.so" to ""
-- Installing: /home/risksis/Documents/intern/ROS_noetic/ouster_humble_ws/install/ouster_ros/lib/libos_driver_component.so
-- Set runtime path of "/home/risksis/Documents/intern/ROS_noetic/ouster_humble_ws/install/ouster_ros/lib/libos_driver_component.so" to ""
-- Installing: /home/risksis/Documents/intern/ROS_noetic/ouster_humble_ws/install/ouster_ros/include/ouster_ros/
-- Installing: /home/risksis/Documents/intern/ROS_noetic/ouster_humble_ws/install/ouster_ros/include/ouster_ros//impl
-- Installing: /home/risksis/Documents/intern/ROS_noetic/ouster_humble_ws/install/ouster_ros/include/ouster_ros//impl/file_util.h
-- Installing: /home/risksis/Documents/intern/ROS_noetic/ouster_humble_ws/install/ouster_ros/include/ouster_ros//os_ros.h
-- Installing: /home/risksis/Documents/intern/ROS_noetic/ouster_humble_ws/install/ouster_ros/include/ouster_ros//os_point.h
-- Installing: /home/risksis/Documents/intern/ROS_noetic/ouster_humble_ws/install/ouster_ros/include/ouster_ros//sensor_point_types.h
-- Installing: /home/risksis/Documents/intern/ROS_noetic/ouster_humble_ws/install/ouster_ros/include/ouster_ros//visibility_control.h
-- Installing: /home/risksis/Documents/intern/ROS_noetic/ouster_humble_ws/install/ouster_ros/include/ouster_ros//common_point_types.h
-- Installing: /home/risksis/Documents/intern/ROS_noetic/ouster_humble_ws/install/ouster_ros/include/ouster_ros//os_sensor_node_base.h
-- Installing: /home/risksis/Documents/intern/ROS_noetic/ouster_humble_ws/install/ouster_ros/include/ouster_ros//os_processing_node_base.h
-- Installing: /home/risksis/Documents/intern/ROS_noetic/ouster_humble_ws/install/ouster_ros/include/ouster_ros//color_point.h
-- Installing: /home/risksis/Documents/intern/ROS_noetic/ouster_humble_ws/install/ouster_ros/include/ouster
-- Installing: /home/risksis/Documents/intern/ROS_noetic/ouster_humble_ws/install/ouster_ros/include/ouster/impl
-- Installing: /home/risksis/Documents/intern/ROS_noetic/ouster_humble_ws/install/ouster_ros/include/ouster/impl/threadsafe_queue.h
-- Installing: /home/risksis/Documents/intern/ROS_noetic/ouster_humble_ws/install/ouster_ros/include/ouster/impl/logging.h
-- Installing: /home/risksis/Documents/intern/ROS_noetic/ouster_humble_ws/install/ouster_ros/include/ouster/impl/ring_buffer.h
-- Installing: /home/risksis/Documents/intern/ROS_noetic/ouster_humble_ws/install/ouster_ros/include/ouster/impl/downsample_impl.h
-- Installing: /home/risksis/Documents/intern/ROS_noetic/ouster_humble_ws/install/ouster_ros/include/ouster/impl/threadpool.h
-- Installing: /home/risksis/Documents/intern/ROS_noetic/ouster_humble_ws/install/ouster_ros/include/ouster/impl/deprecated
-- Installing: /home/risksis/Documents/intern/ROS_noetic/ouster_humble_ws/install/ouster_ros/include/ouster/impl/deprecated/types_enums.h
-- Installing: /home/risksis/Documents/intern/ROS_noetic/ouster_humble_ws/install/ouster_ros/include/ouster/impl/deprecated/chanfieldtype_enums.h
-- Installing: /home/risksis/Documents/intern/ROS_noetic/ouster_humble_ws/install/ouster_ros/include/ouster/impl/transform_homogeneous.h
-- Installing: /home/risksis/Documents/intern/ROS_noetic/ouster_humble_ws/install/ouster_ros/include/ouster/impl/open_source_impl.h
-- Installing: /home/risksis/Documents/intern/ROS_noetic/ouster_humble_ws/install/ouster_ros/include/ouster/impl/packet_writer.h
-- Installing: /home/risksis/Documents/intern/ROS_noetic/ouster_humble_ws/install/ouster_ros/include/ouster/impl/json_tools.h
-- Installing: /home/risksis/Documents/intern/ROS_noetic/ouster_humble_ws/install/ouster_ros/include/ouster/impl/lidar_scan_impl.h
-- Installing: /home/risksis/Documents/intern/ROS_noetic/ouster_humble_ws/install/ouster_ros/include/ouster/impl/profile_extension.h
-- Installing: /home/risksis/Documents/intern/ROS_noetic/ouster_humble_ws/install/ouster_ros/include/ouster/impl/transform_vector.h
-- Installing: /home/risksis/Documents/intern/ROS_noetic/ouster_humble_ws/install/ouster_ros/include/ouster/impl/transform_typedefs.h
-- Installing: /home/risksis/Documents/intern/ROS_noetic/ouster_humble_ws/install/ouster_ros/include/ouster/impl/transform_quaternion.h
-- Installing: /home/risksis/Documents/intern/ROS_noetic/ouster_humble_ws/install/ouster_ros/include/ouster/impl/idx_range.h
-- Installing: /home/risksis/Documents/intern/ROS_noetic/ouster_humble_ws/install/ouster_ros/include/ouster/impl/iterator_base.h
-- Installing: /home/risksis/Documents/intern/ROS_noetic/ouster_humble_ws/install/ouster_ros/include/ouster/impl/transformation.h
-- Installing: /home/risksis/Documents/intern/ROS_noetic/ouster_humble_ws/install/ouster_ros/include/ouster/impl/cuda_macros.h
-- Installing: /home/risksis/Documents/intern/ROS_noetic/ouster_humble_ws/install/ouster_ros/include/ouster/coord.h
-- Installing: /home/risksis/Documents/intern/ROS_noetic/ouster_humble_ws/install/ouster_ros/include/ouster/downsample.h
-- Installing: /home/risksis/Documents/intern/ROS_noetic/ouster_humble_ws/install/ouster_ros/include/ouster/eigen.h
-- Installing: /home/risksis/Documents/intern/ROS_noetic/ouster_humble_ws/install/ouster_ros/include/ouster/array_view.h
-- Installing: /home/risksis/Documents/intern/ROS_noetic/ouster_humble_ws/install/ouster_ros/include/ouster/visibility.h
-- Installing: /home/risksis/Documents/intern/ROS_noetic/ouster_humble_ws/install/ouster_ros/include/ouster/xyzlut.h
-- Installing: /home/risksis/Documents/intern/ROS_noetic/ouster_humble_ws/install/ouster_ros/include/ouster/version.h
-- Installing: /home/risksis/Documents/intern/ROS_noetic/ouster_humble_ws/install/ouster_ros/include/ouster/pose_conversion.h
-- Installing: /home/risksis/Documents/intern/ROS_noetic/ouster_humble_ws/install/ouster_ros/include/ouster/mesh.h
-- Installing: /home/risksis/Documents/intern/ROS_noetic/ouster_humble_ws/install/ouster_ros/include/ouster/scan_source_utils.h
-- Installing: /home/risksis/Documents/intern/ROS_noetic/ouster_humble_ws/install/ouster_ros/include/ouster/image_processing.h
-- Installing: /home/risksis/Documents/intern/ROS_noetic/ouster_humble_ws/install/ouster_ros/include/ouster/scan_source.h
-- Installing: /home/risksis/Documents/intern/ROS_noetic/ouster_humble_ws/install/ouster_ros/include/ouster/pose_util.h
-- Installing: /home/risksis/Documents/intern/ROS_noetic/ouster_humble_ws/install/ouster_ros/include/ouster/open_source.h
-- Installing: /home/risksis/Documents/intern/ROS_noetic/ouster_humble_ws/install/ouster_ros/include/ouster/vector_streambuf.h
-- Installing: /home/risksis/Documents/intern/ROS_noetic/ouster_humble_ws/install/ouster_ros/include/ouster/compat_ops.h
-- Installing: /home/risksis/Documents/intern/ROS_noetic/ouster_humble_ws/install/ouster_ros/include/ouster/chanfield.h
-- Installing: /home/risksis/Documents/intern/ROS_noetic/ouster_humble_ws/install/ouster_ros/include/ouster/cartesian.h
-- Installing: /home/risksis/Documents/intern/ROS_noetic/ouster_humble_ws/install/ouster_ros/include/ouster/zone_lut.h
-- Installing: /home/risksis/Documents/intern/ROS_noetic/ouster_humble_ws/install/ouster_ros/include/ouster/lidar_scan.h
-- Installing: /home/risksis/Documents/intern/ROS_noetic/ouster_humble_ws/install/ouster_ros/include/ouster/stl.h
-- Installing: /home/risksis/Documents/intern/ROS_noetic/ouster_humble_ws/install/ouster_ros/include/ouster/packet_source.h
-- Installing: /home/risksis/Documents/intern/ROS_noetic/ouster_humble_ws/install/ouster_ros/include/ouster/ray.h
-- Installing: /home/risksis/Documents/intern/ROS_noetic/ouster_humble_ws/install/ouster_ros/include/ouster/triangle.h
-- Installing: /home/risksis/Documents/intern/ROS_noetic/ouster_humble_ws/install/ouster_ros/include/ouster/defaults.h
-- Installing: /home/risksis/Documents/intern/ROS_noetic/ouster_humble_ws/install/ouster_ros/include/ouster/json_tools.h
-- Installing: /home/risksis/Documents/intern/ROS_noetic/ouster_humble_ws/install/ouster_ros/include/ouster/field.h
-- Installing: /home/risksis/Documents/intern/ROS_noetic/ouster_humble_ws/install/ouster_ros/include/ouster/packet.h
-- Installing: /home/risksis/Documents/intern/ROS_noetic/ouster_humble_ws/install/ouster_ros/include/ouster/io_type.h
-- Installing: /home/risksis/Documents/intern/ROS_noetic/ouster_humble_ws/install/ouster_ros/include/ouster/zone_state.h
-- Installing: /home/risksis/Documents/intern/ROS_noetic/ouster_humble_ws/install/ouster_ros/include/ouster/zone.h
-- Installing: /home/risksis/Documents/intern/ROS_noetic/ouster_humble_ws/install/ouster_ros/include/ouster/error_handler.h
-- Installing: /home/risksis/Documents/intern/ROS_noetic/ouster_humble_ws/install/ouster_ros/include/ouster/beam_config.h
-- Installing: /home/risksis/Documents/intern/ROS_noetic/ouster_humble_ws/install/ouster_ros/include/ouster/cloud_io.h
-- Installing: /home/risksis/Documents/intern/ROS_noetic/ouster_humble_ws/install/ouster_ros/include/ouster/types.h
-- Installing: /home/risksis/Documents/intern/ROS_noetic/ouster_humble_ws/install/ouster_ros/include/ouster/normals.h
-- Installing: /home/risksis/Documents/intern/ROS_noetic/ouster_humble_ws/install/ouster_ros/include/ouster/zone_monitor.h
-- Installing: /home/risksis/Documents/intern/ROS_noetic/ouster_humble_ws/install/ouster_ros/include/ouster/typedefs.h
-- Installing: /home/risksis/Documents/intern/ROS_noetic/ouster_humble_ws/install/ouster_ros/include/ouster/sha256.h
-- Installing: /home/risksis/Documents/intern/ROS_noetic/ouster_humble_ws/install/ouster_ros/include/ouster/metadata.h
-- Installing: /home/risksis/Documents/intern/ROS_noetic/ouster_humble_ws/install/ouster_ros/include/ouster/lidar_scan_set.h
-- Installing: /home/risksis/Documents/intern/ROS_noetic/ouster_humble_ws/install/ouster_ros/include/ouster/deprecation.h
-- Installing: /home/risksis/Documents/intern/ROS_noetic/ouster_humble_ws/install/ouster_ros/include/ouster/zrb.h
-- Installing: /home/risksis/Documents/intern/ROS_noetic/ouster_humble_ws/install/ouster_ros/include/nonstd
-- Installing: /home/risksis/Documents/intern/ROS_noetic/ouster_humble_ws/install/ouster_ros/include/nonstd/optional.hpp
-- Installing: /home/risksis/Documents/intern/ROS_noetic/ouster_humble_ws/install/ouster_ros/share/ouster_ros/LICENSE
-- Installing: /home/risksis/Documents/intern/ROS_noetic/ouster_humble_ws/install/ouster_ros/share/ouster_ros/launch
-- Installing: /home/risksis/Documents/intern/ROS_noetic/ouster_humble_ws/install/ouster_ros/share/ouster_ros/launch/sensor.composite.launch.py
-- Installing: /home/risksis/Documents/intern/ROS_noetic/ouster_humble_ws/install/ouster_ros/share/ouster_ros/launch/replay_pcap.launch.xml
-- Installing: /home/risksis/Documents/intern/ROS_noetic/ouster_humble_ws/install/ouster_ros/share/ouster_ros/launch/record.launch.xml
-- Installing: /home/risksis/Documents/intern/ROS_noetic/ouster_humble_ws/install/ouster_ros/share/ouster_ros/launch/rviz.launch.py
-- Installing: /home/risksis/Documents/intern/ROS_noetic/ouster_humble_ws/install/ouster_ros/share/ouster_ros/launch/record.composite.launch.xml
-- Installing: /home/risksis/Documents/intern/ROS_noetic/ouster_humble_ws/install/ouster_ros/share/ouster_ros/launch/rviz.launch.xml
-- Installing: /home/risksis/Documents/intern/ROS_noetic/ouster_humble_ws/install/ouster_ros/share/ouster_ros/launch/replay.launch.xml
-- Installing: /home/risksis/Documents/intern/ROS_noetic/ouster_humble_ws/install/ouster_ros/share/ouster_ros/launch/sensor_mtp.launch.xml
-- Installing: /home/risksis/Documents/intern/ROS_noetic/ouster_humble_ws/install/ouster_ros/share/ouster_ros/launch/replay.composite.launch.xml
-- Installing: /home/risksis/Documents/intern/ROS_noetic/ouster_humble_ws/install/ouster_ros/share/ouster_ros/launch/sensor.launch.xml
-- Installing: /home/risksis/Documents/intern/ROS_noetic/ouster_humble_ws/install/ouster_ros/share/ouster_ros/launch/driver_launch.py
-- Installing: /home/risksis/Documents/intern/ROS_noetic/ouster_humble_ws/install/ouster_ros/share/ouster_ros/launch/driver.launch.py
-- Installing: /home/risksis/Documents/intern/ROS_noetic/ouster_humble_ws/install/ouster_ros/share/ouster_ros/launch/sensor.composite.launch.xml
-- Installing: /home/risksis/Documents/intern/ROS_noetic/ouster_humble_ws/install/ouster_ros/share/ouster_ros/config
-- Installing: /home/risksis/Documents/intern/ROS_noetic/ouster_humble_ws/install/ouster_ros/share/ouster_ros/config/community_driver.rviz
-- Installing: /home/risksis/Documents/intern/ROS_noetic/ouster_humble_ws/install/ouster_ros/share/ouster_ros/config/community_driver_config.yaml
-- Installing: /home/risksis/Documents/intern/ROS_noetic/ouster_humble_ws/install/ouster_ros/share/ouster_ros/config/metadata-qos-override.yaml
-- Installing: /home/risksis/Documents/intern/ROS_noetic/ouster_humble_ws/install/ouster_ros/share/ouster_ros/config/viz.rviz
-- Installing: /home/risksis/Documents/intern/ROS_noetic/ouster_humble_ws/install/ouster_ros/share/ouster_ros/config/viz-reliable.rviz
-- Installing: /home/risksis/Documents/intern/ROS_noetic/ouster_humble_ws/install/ouster_ros/share/ouster_ros/config/driver_params.yaml
-- Installing: /home/risksis/Documents/intern/ROS_noetic/ouster_humble_ws/install/ouster_ros/share/ouster_ros/config/os_sensor_cloud_image_params.yaml
-- Installing: /home/risksis/Documents/intern/ROS_noetic/ouster_humble_ws/install/ouster_ros/share/ouster_ros/environment/library_path.sh
-- Installing: /home/risksis/Documents/intern/ROS_noetic/ouster_humble_ws/install/ouster_ros/share/ouster_ros/environment/library_path.dsv
-- Installing: /home/risksis/Documents/intern/ROS_noetic/ouster_humble_ws/install/ouster_ros/share/ament_index/resource_index/package_run_dependencies/ouster_ros
-- Installing: /home/risksis/Documents/intern/ROS_noetic/ouster_humble_ws/install/ouster_ros/share/ament_index/resource_index/parent_prefix_path/ouster_ros
-- Installing: /home/risksis/Documents/intern/ROS_noetic/ouster_humble_ws/install/ouster_ros/share/ouster_ros/environment/ament_prefix_path.sh
-- Installing: /home/risksis/Documents/intern/ROS_noetic/ouster_humble_ws/install/ouster_ros/share/ouster_ros/environment/ament_prefix_path.dsv
-- Installing: /home/risksis/Documents/intern/ROS_noetic/ouster_humble_ws/install/ouster_ros/share/ouster_ros/environment/path.sh
-- Installing: /home/risksis/Documents/intern/ROS_noetic/ouster_humble_ws/install/ouster_ros/share/ouster_ros/environment/path.dsv
-- Installing: /home/risksis/Documents/intern/ROS_noetic/ouster_humble_ws/install/ouster_ros/share/ouster_ros/local_setup.bash
-- Installing: /home/risksis/Documents/intern/ROS_noetic/ouster_humble_ws/install/ouster_ros/share/ouster_ros/local_setup.sh
-- Installing: /home/risksis/Documents/intern/ROS_noetic/ouster_humble_ws/install/ouster_ros/share/ouster_ros/local_setup.zsh
-- Installing: /home/risksis/Documents/intern/ROS_noetic/ouster_humble_ws/install/ouster_ros/share/ouster_ros/local_setup.dsv
-- Installing: /home/risksis/Documents/intern/ROS_noetic/ouster_humble_ws/install/ouster_ros/share/ouster_ros/package.dsv
-- Installing: /home/risksis/Documents/intern/ROS_noetic/ouster_humble_ws/install/ouster_ros/share/ament_index/resource_index/packages/ouster_ros
-- Installing: /home/risksis/Documents/intern/ROS_noetic/ouster_humble_ws/install/ouster_ros/share/ament_index/resource_index/rclcpp_components/ouster_ros
-- Installing: /home/risksis/Documents/intern/ROS_noetic/ouster_humble_ws/install/ouster_ros/share/ouster_ros/cmake/ament_cmake_export_include_directories-extras.cmake
-- Installing: /home/risksis/Documents/intern/ROS_noetic/ouster_humble_ws/install/ouster_ros/share/ouster_ros/cmake/ament_cmake_export_dependencies-extras.cmake
-- Installing: /home/risksis/Documents/intern/ROS_noetic/ouster_humble_ws/install/ouster_ros/share/ouster_ros/cmake/ament_cmake_export_libraries-extras.cmake
-- Installing: /home/risksis/Documents/intern/ROS_noetic/ouster_humble_ws/install/ouster_ros/share/ouster_ros/cmake/ouster_rosConfig.cmake
-- Installing: /home/risksis/Documents/intern/ROS_noetic/ouster_humble_ws/install/ouster_ros/share/ouster_ros/cmake/ouster_rosConfig-version.cmake
-- Installing: /home/risksis/Documents/intern/ROS_noetic/ouster_humble_ws/install/ouster_ros/share/ouster_ros/package.xml
